<?xml version="1.0" encoding="UTF-8"?>
<coverage generated="1766364605672" clover="3.2.0">
  <project timestamp="1766364605672" name="All files">
    <metrics statements="163" coveredstatements="123" conditionals="65" coveredconditionals="30" methods="61" coveredmethods="48" elements="289" coveredelements="201" complexity="0" loc="163" ncloc="163" packages="15" files="19" classes="19"/>
    <package name="src">
      <metrics statements="4" coveredstatements="4" conditionals="5" coveredconditionals="5" methods="4" coveredmethods="4"/>
      <file name="App.jsx" path="C:\Desarrollo de App\FrontendII\Mascotapp\src\App.jsx">
        <metrics statements="1" coveredstatements="1" conditionals="0" coveredconditionals="0" methods="1" coveredmethods="1"/>
        <line num="9" count="2" type="stmt"/>
      </file>
      <file name="test-utils.jsx" path="C:\Desarrollo de App\FrontendII\Mascotapp\src\test-utils.jsx">
        <metrics statements="3" coveredstatements="3" conditionals="5" coveredconditionals="5" methods="3" coveredmethods="3"/>
        <line num="10" count="14" type="stmt"/>
        <line num="30" count="12" type="stmt"/>
        <line num="37" count="12" type="stmt"/>
      </file>
    </package>
    <package name="src.components.ui">
      <metrics statements="4" coveredstatements="4" conditionals="3" coveredconditionals="3" methods="2" coveredmethods="2"/>
      <file name="Button.jsx" path="C:\Desarrollo de App\FrontendII\Mascotapp\src\components\ui\Button.jsx">
        <metrics statements="3" coveredstatements="3" conditionals="2" coveredconditionals="2" methods="1" coveredmethods="1"/>
        <line num="1" count="5" type="stmt"/>
        <line num="8" count="14" type="stmt"/>
        <line num="10" count="14" type="stmt"/>
      </file>
      <file name="Card.jsx" path="C:\Desarrollo de App\FrontendII\Mascotapp\src\components\ui\Card.jsx">
        <metrics statements="1" coveredstatements="1" conditionals="1" coveredconditionals="1" methods="1" coveredmethods="1"/>
        <line num="2" count="55" type="stmt"/>
      </file>
    </package>
    <package name="src.features.citas.components">
      <metrics statements="1" coveredstatements="1" conditionals="0" coveredconditionals="0" methods="1" coveredmethods="1"/>
      <file name="CitaList.jsx" path="C:\Desarrollo de App\FrontendII\Mascotapp\src\features\citas\components\CitaList.jsx">
        <metrics statements="1" coveredstatements="1" conditionals="0" coveredconditionals="0" methods="1" coveredmethods="1"/>
        <line num="2" count="1" type="stmt"/>
      </file>
    </package>
    <package name="src.features.citas.hooks">
      <metrics statements="33" coveredstatements="23" conditionals="2" coveredconditionals="1" methods="7" coveredmethods="5"/>
      <file name="useCitas.js" path="C:\Desarrollo de App\FrontendII\Mascotapp\src\features\citas\hooks\useCitas.js">
        <metrics statements="33" coveredstatements="23" conditionals="2" coveredconditionals="1" methods="7" coveredmethods="5"/>
        <line num="15" count="10" type="stmt"/>
        <line num="16" count="10" type="stmt"/>
        <line num="17" count="10" type="stmt"/>
        <line num="18" count="10" type="stmt"/>
        <line num="20" count="10" type="stmt"/>
        <line num="21" count="4" type="stmt"/>
        <line num="22" count="4" type="stmt"/>
        <line num="23" count="4" type="stmt"/>
        <line num="24" count="2" type="stmt"/>
        <line num="25" count="2" type="stmt"/>
        <line num="27" count="0" type="stmt"/>
        <line num="29" count="2" type="stmt"/>
        <line num="33" count="10" type="stmt"/>
        <line num="34" count="4" type="stmt"/>
        <line num="37" count="10" type="stmt"/>
        <line num="38" count="0" type="stmt"/>
        <line num="41" count="10" type="stmt"/>
        <line num="46" count="10" type="stmt"/>
        <line num="47" count="10" type="stmt"/>
        <line num="48" count="10" type="stmt"/>
        <line num="50" count="10" type="stmt"/>
        <line num="51" count="4" type="cond" truecount="1" falsecount="1"/>
        <line num="52" count="4" type="stmt"/>
        <line num="53" count="4" type="stmt"/>
        <line num="56" count="0" type="stmt"/>
        <line num="57" count="0" type="stmt"/>
        <line num="58" count="0" type="stmt"/>
        <line num="59" count="0" type="stmt"/>
        <line num="60" count="0" type="stmt"/>
        <line num="62" count="0" type="stmt"/>
        <line num="64" count="0" type="stmt"/>
        <line num="68" count="0" type="stmt"/>
        <line num="71" count="10" type="stmt"/>
      </file>
    </package>
    <package name="src.features.citas.pages">
      <metrics statements="9" coveredstatements="5" conditionals="22" coveredconditionals="7" methods="5" coveredmethods="2"/>
      <file name="CitasPage.jsx" path="C:\Desarrollo de App\FrontendII\Mascotapp\src\features\citas\pages\CitasPage.jsx">
        <metrics statements="9" coveredstatements="5" conditionals="22" coveredconditionals="7" methods="5" coveredmethods="2"/>
        <line num="7" count="10" type="stmt"/>
        <line num="8" count="10" type="stmt"/>
        <line num="9" count="10" type="stmt"/>
        <line num="11" count="10" type="stmt"/>
        <line num="29" count="0" type="stmt"/>
        <line num="69" count="1" type="stmt"/>
        <line num="76" count="0" type="stmt"/>
        <line num="119" count="0" type="stmt"/>
        <line num="120" count="0" type="stmt"/>
      </file>
    </package>
    <package name="src.features.clientes.components">
      <metrics statements="1" coveredstatements="1" conditionals="0" coveredconditionals="0" methods="1" coveredmethods="1"/>
      <file name="ClienteList.jsx" path="C:\Desarrollo de App\FrontendII\Mascotapp\src\features\clientes\components\ClienteList.jsx">
        <metrics statements="1" coveredstatements="1" conditionals="0" coveredconditionals="0" methods="1" coveredmethods="1"/>
        <line num="2" count="1" type="stmt"/>
      </file>
    </package>
    <package name="src.features.clientes.hooks">
      <metrics statements="29" coveredstatements="21" conditionals="4" coveredconditionals="3" methods="6" coveredmethods="5"/>
      <file name="useClientes.js" path="C:\Desarrollo de App\FrontendII\Mascotapp\src\features\clientes\hooks\useClientes.js">
        <metrics statements="29" coveredstatements="21" conditionals="4" coveredconditionals="3" methods="6" coveredmethods="5"/>
        <line num="13" count="11" type="stmt"/>
        <line num="14" count="11" type="stmt"/>
        <line num="15" count="11" type="stmt"/>
        <line num="17" count="11" type="stmt"/>
        <line num="18" count="7" type="stmt"/>
        <line num="19" count="4" type="stmt"/>
        <line num="20" count="4" type="stmt"/>
        <line num="22" count="4" type="stmt"/>
        <line num="23" count="3" type="stmt"/>
        <line num="24" count="3" type="stmt"/>
        <line num="26" count="0" type="stmt"/>
        <line num="28" count="3" type="stmt"/>
        <line num="32" count="7" type="cond" truecount="2" falsecount="0"/>
        <line num="33" count="4" type="stmt"/>
        <line num="37" count="11" type="stmt"/>
        <line num="42" count="11" type="stmt"/>
        <line num="43" count="11" type="stmt"/>
        <line num="44" count="11" type="stmt"/>
        <line num="46" count="11" type="stmt"/>
        <line num="47" count="4" type="stmt"/>
        <line num="48" count="0" type="stmt"/>
        <line num="49" count="0" type="stmt"/>
        <line num="51" count="0" type="stmt"/>
        <line num="52" count="0" type="stmt"/>
        <line num="54" count="0" type="stmt"/>
        <line num="56" count="0" type="stmt"/>
        <line num="60" count="4" type="cond" truecount="1" falsecount="1"/>
        <line num="61" count="0" type="stmt"/>
        <line num="65" count="11" type="stmt"/>
      </file>
    </package>
    <package name="src.features.clientes.pages">
      <metrics statements="11" coveredstatements="7" conditionals="13" coveredconditionals="4" methods="5" coveredmethods="2"/>
      <file name="ClientesPage.jsx" path="C:\Desarrollo de App\FrontendII\Mascotapp\src\features\clientes\pages\ClientesPage.jsx">
        <metrics statements="11" coveredstatements="7" conditionals="13" coveredconditionals="4" methods="5" coveredmethods="2"/>
        <line num="7" count="11" type="stmt"/>
        <line num="8" count="11" type="stmt"/>
        <line num="9" count="11" type="stmt"/>
        <line num="11" count="11" type="cond" truecount="2" falsecount="0"/>
        <line num="12" count="4" type="stmt"/>
        <line num="19" count="7" type="stmt"/>
        <line num="39" count="4" type="stmt"/>
        <line num="46" count="0" type="stmt"/>
        <line num="70" count="0" type="stmt"/>
        <line num="71" count="0" type="stmt"/>
        <line num="155" count="0" type="stmt"/>
      </file>
    </package>
    <package name="src.features.mascotas.components">
      <metrics statements="1" coveredstatements="1" conditionals="0" coveredconditionals="0" methods="1" coveredmethods="1"/>
      <file name="MascotaList.jsx" path="C:\Desarrollo de App\FrontendII\Mascotapp\src\features\mascotas\components\MascotaList.jsx">
        <metrics statements="1" coveredstatements="1" conditionals="0" coveredconditionals="0" methods="1" coveredmethods="1"/>
        <line num="2" count="1" type="stmt"/>
      </file>
    </package>
    <package name="src.features.mascotas.hooks">
      <metrics statements="31" coveredstatements="22" conditionals="4" coveredconditionals="3" methods="6" coveredmethods="5"/>
      <file name="useMascotas.js" path="C:\Desarrollo de App\FrontendII\Mascotapp\src\features\mascotas\hooks\useMascotas.js">
        <metrics statements="31" coveredstatements="22" conditionals="4" coveredconditionals="3" methods="6" coveredmethods="5"/>
        <line num="13" count="11" type="stmt"/>
        <line num="14" count="11" type="stmt"/>
        <line num="15" count="11" type="stmt"/>
        <line num="17" count="11" type="stmt"/>
        <line num="18" count="7" type="stmt"/>
        <line num="19" count="4" type="stmt"/>
        <line num="20" count="4" type="stmt"/>
        <line num="21" count="4" type="stmt"/>
        <line num="22" count="3" type="stmt"/>
        <line num="23" count="3" type="stmt"/>
        <line num="25" count="0" type="stmt"/>
        <line num="27" count="3" type="stmt"/>
        <line num="31" count="7" type="cond" truecount="2" falsecount="0"/>
        <line num="32" count="4" type="stmt"/>
        <line num="36" count="11" type="stmt"/>
        <line num="41" count="11" type="stmt"/>
        <line num="42" count="11" type="stmt"/>
        <line num="43" count="11" type="stmt"/>
        <line num="45" count="11" type="stmt"/>
        <line num="46" count="4" type="cond" truecount="1" falsecount="1"/>
        <line num="47" count="4" type="stmt"/>
        <line num="48" count="4" type="stmt"/>
        <line num="51" count="0" type="stmt"/>
        <line num="52" count="0" type="stmt"/>
        <line num="53" count="0" type="stmt"/>
        <line num="54" count="0" type="stmt"/>
        <line num="55" count="0" type="stmt"/>
        <line num="57" count="0" type="stmt"/>
        <line num="59" count="0" type="stmt"/>
        <line num="63" count="0" type="stmt"/>
        <line num="66" count="11" type="stmt"/>
      </file>
    </package>
    <package name="src.features.mascotas.pages">
      <metrics statements="10" coveredstatements="7" conditionals="12" coveredconditionals="4" methods="4" coveredmethods="2"/>
      <file name="MascotasPage.jsx" path="C:\Desarrollo de App\FrontendII\Mascotapp\src\features\mascotas\pages\MascotasPage.jsx">
        <metrics statements="10" coveredstatements="7" conditionals="12" coveredconditionals="4" methods="4" coveredmethods="2"/>
        <line num="7" count="11" type="stmt"/>
        <line num="8" count="11" type="stmt"/>
        <line num="9" count="11" type="stmt"/>
        <line num="11" count="11" type="cond" truecount="2" falsecount="0"/>
        <line num="12" count="4" type="stmt"/>
        <line num="19" count="7" type="stmt"/>
        <line num="39" count="3" type="stmt"/>
        <line num="46" count="0" type="stmt"/>
        <line num="73" count="0" type="stmt"/>
        <line num="74" count="0" type="stmt"/>
      </file>
    </package>
    <package name="src.layouts">
      <metrics statements="1" coveredstatements="1" conditionals="0" coveredconditionals="0" methods="1" coveredmethods="1"/>
      <file name="MainLayout.jsx" path="C:\Desarrollo de App\FrontendII\Mascotapp\src\layouts\MainLayout.jsx">
        <metrics statements="1" coveredstatements="1" conditionals="0" coveredconditionals="0" methods="1" coveredmethods="1"/>
        <line num="4" count="6" type="stmt"/>
      </file>
    </package>
    <package name="src.pages">
      <metrics statements="1" coveredstatements="1" conditionals="0" coveredconditionals="0" methods="1" coveredmethods="1"/>
      <file name="HomePage.jsx" path="C:\Desarrollo de App\FrontendII\Mascotapp\src\pages\HomePage.jsx">
        <metrics statements="1" coveredstatements="1" conditionals="0" coveredconditionals="0" methods="1" coveredmethods="1"/>
        <line num="5" count="6" type="stmt"/>
      </file>
    </package>
    <package name="src.store">
      <metrics statements="1" coveredstatements="0" conditionals="0" coveredconditionals="0" methods="0" coveredmethods="0"/>
      <file name="index.js" path="C:\Desarrollo de App\FrontendII\Mascotapp\src\store\index.js">
        <metrics statements="1" coveredstatements="0" conditionals="0" coveredconditionals="0" methods="0" coveredmethods="0"/>
        <line num="6" count="0" type="stmt"/>
      </file>
    </package>
    <package name="src.store.slices">
      <metrics statements="26" coveredstatements="25" conditionals="0" coveredconditionals="0" methods="17" coveredmethods="16"/>
      <file name="citasSlice.js" path="C:\Desarrollo de App\FrontendII\Mascotapp\src\store\slices\citasSlice.js">
        <metrics statements="10" coveredstatements="9" conditionals="0" coveredconditionals="0" methods="7" coveredmethods="6"/>
        <line num="3" count="5" type="stmt"/>
        <line num="10" count="5" type="stmt"/>
        <line num="15" count="3" type="stmt"/>
        <line num="18" count="7" type="stmt"/>
        <line num="21" count="0" type="stmt"/>
        <line num="24" count="1" type="stmt"/>
        <line num="29" count="5" type="stmt"/>
        <line num="31" count="17" type="stmt"/>
        <line num="32" count="17" type="stmt"/>
        <line num="33" count="17" type="stmt"/>
      </file>
      <file name="clientesSlice.js" path="C:\Desarrollo de App\FrontendII\Mascotapp\src\store\slices\clientesSlice.js">
        <metrics statements="8" coveredstatements="8" conditionals="0" coveredconditionals="0" methods="5" coveredmethods="5"/>
        <line num="3" count="5" type="stmt"/>
        <line num="9" count="5" type="stmt"/>
        <line num="14" count="4" type="stmt"/>
        <line num="17" count="8" type="stmt"/>
        <line num="20" count="1" type="stmt"/>
        <line num="26" count="5" type="stmt"/>
        <line num="29" count="19" type="stmt"/>
        <line num="30" count="19" type="stmt"/>
      </file>
      <file name="mascotasSlice.js" path="C:\Desarrollo de App\FrontendII\Mascotapp\src\store\slices\mascotasSlice.js">
        <metrics statements="8" coveredstatements="8" conditionals="0" coveredconditionals="0" methods="5" coveredmethods="5"/>
        <line num="3" count="5" type="stmt"/>
        <line num="9" count="5" type="stmt"/>
        <line num="14" count="4" type="stmt"/>
        <line num="17" count="8" type="stmt"/>
        <line num="20" count="1" type="stmt"/>
        <line num="25" count="5" type="stmt"/>
        <line num="27" count="19" type="stmt"/>
        <line num="28" count="19" type="stmt"/>
      </file>
    </package>
  </project>
</coverage>
