{"C:\\Desarrollo de App\\FrontendII\\Mascotapp\\src\\App.jsx": {"path":"C:\\Desarrollo de App\\FrontendII\\Mascotapp\\src\\App.jsx","statementMap":{"0":{"start":{"line":9,"column":2},"end":{"line":20,"column":3}}},"fnMap":{"0":{"name":"App","decl":{"start":{"line":8,"column":9},"end":{"line":8,"column":12}},"loc":{"start":{"line":8,"column":15},"end":{"line":21,"column":1}},"line":8}},"branchMap":{},"s":{"0":2},"f":{"0":2},"b":{},"_coverageSchema":"1a1c01bbd47fc00a2c39e90264f33305004495a9","hash":"7eb636180df83f1e55d7c3306c48b7d99e622221"}
,"C:\\Desarrollo de App\\FrontendII\\Mascotapp\\src\\test-utils.jsx": {"path":"C:\\Desarrollo de App\\FrontendII\\Mascotapp\\src\\test-utils.jsx","statementMap":{"0":{"start":{"line":10,"column":2},"end":{"line":17,"column":4}},"1":{"start":{"line":30,"column":4},"end":{"line":34,"column":5}},"2":{"start":{"line":37,"column":2},"end":{"line":37,"column":73}}},"fnMap":{"0":{"name":"createTestStore","decl":{"start":{"line":9,"column":16},"end":{"line":9,"column":31}},"loc":{"start":{"line":9,"column":53},"end":{"line":18,"column":1}},"line":9},"1":{"name":"renderWithProviders","decl":{"start":{"line":20,"column":16},"end":{"line":20,"column":35}},"loc":{"start":{"line":28,"column":2},"end":{"line":38,"column":1}},"line":28},"2":{"name":"Wrapper","decl":{"start":{"line":29,"column":11},"end":{"line":29,"column":18}},"loc":{"start":{"line":29,"column":33},"end":{"line":35,"column":3}},"line":29}},"branchMap":{"0":{"loc":{"start":{"line":9,"column":32},"end":{"line":9,"column":51}},"type":"default-arg","locations":[{"start":{"line":9,"column":49},"end":{"line":9,"column":51}}],"line":9},"1":{"loc":{"start":{"line":22,"column":2},"end":{"line":27,"column":8}},"type":"default-arg","locations":[{"start":{"line":27,"column":6},"end":{"line":27,"column":8}}],"line":22},"2":{"loc":{"start":{"line":23,"column":4},"end":{"line":23,"column":23}},"type":"default-arg","locations":[{"start":{"line":23,"column":21},"end":{"line":23,"column":23}}],"line":23},"3":{"loc":{"start":{"line":24,"column":4},"end":{"line":24,"column":43}},"type":"default-arg","locations":[{"start":{"line":24,"column":12},"end":{"line":24,"column":43}}],"line":24},"4":{"loc":{"start":{"line":25,"column":4},"end":{"line":25,"column":15}},"type":"default-arg","locations":[{"start":{"line":25,"column":12},"end":{"line":25,"column":15}}],"line":25}},"s":{"0":15,"1":13,"2":13},"f":{"0":15,"1":13,"2":13},"b":{"0":[2],"1":[13],"2":[13],"3":[13],"4":[13]},"_coverageSchema":"1a1c01bbd47fc00a2c39e90264f33305004495a9","hash":"c962d78e5c50b5f8e9b7962f339cae9a45e6d140"}
,"C:\\Desarrollo de App\\FrontendII\\Mascotapp\\src\\components\\ui\\Button.jsx": {"path":"C:\\Desarrollo de App\\FrontendII\\Mascotapp\\src\\components\\ui\\Button.jsx","statementMap":{"0":{"start":{"line":1,"column":17},"end":{"line":5,"column":1}},"1":{"start":{"line":8,"column":21},"end":{"line":8,"column":73}},"2":{"start":{"line":10,"column":2},"end":{"line":17,"column":3}}},"fnMap":{"0":{"name":"Button","decl":{"start":{"line":7,"column":9},"end":{"line":7,"column":15}},"loc":{"start":{"line":7,"column":77},"end":{"line":18,"column":1}},"line":7}},"branchMap":{"0":{"loc":{"start":{"line":7,"column":28},"end":{"line":7,"column":47}},"type":"default-arg","locations":[{"start":{"line":7,"column":38},"end":{"line":7,"column":47}}],"line":7},"1":{"loc":{"start":{"line":7,"column":49},"end":{"line":7,"column":63}},"type":"default-arg","locations":[{"start":{"line":7,"column":61},"end":{"line":7,"column":63}}],"line":7}},"s":{"0":5,"1":14,"2":14},"f":{"0":14},"b":{"0":[4],"1":[5]},"_coverageSchema":"1a1c01bbd47fc00a2c39e90264f33305004495a9","hash":"0ecb0be887548ed924233e5ae3ad225cccff4526"}
,"C:\\Desarrollo de App\\FrontendII\\Mascotapp\\src\\components\\ui\\Card.jsx": {"path":"C:\\Desarrollo de App\\FrontendII\\Mascotapp\\src\\components\\ui\\Card.jsx","statementMap":{"0":{"start":{"line":2,"column":2},"end":{"line":9,"column":3}}},"fnMap":{"0":{"name":"Card","decl":{"start":{"line":1,"column":9},"end":{"line":1,"column":13}},"loc":{"start":{"line":1,"column":53},"end":{"line":10,"column":1}},"line":1}},"branchMap":{"0":{"loc":{"start":{"line":1,"column":26},"end":{"line":1,"column":40}},"type":"default-arg","locations":[{"start":{"line":1,"column":38},"end":{"line":1,"column":40}}],"line":1}},"s":{"0":57},"f":{"0":57},"b":{"0":[3]},"_coverageSchema":"1a1c01bbd47fc00a2c39e90264f33305004495a9","hash":"ee0688ed8b31b38db12b29b5ccfce71430e3ba9b"}
,"C:\\Desarrollo de App\\FrontendII\\Mascotapp\\src\\features\\citas\\components\\CitaList.jsx": {"path":"C:\\Desarrollo de App\\FrontendII\\Mascotapp\\src\\features\\citas\\components\\CitaList.jsx","statementMap":{"0":{"start":{"line":2,"column":2},"end":{"line":2,"column":28}}},"fnMap":{"0":{"name":"CitaList","decl":{"start":{"line":1,"column":9},"end":{"line":1,"column":17}},"loc":{"start":{"line":1,"column":20},"end":{"line":3,"column":1}},"line":1}},"branchMap":{},"s":{"0":1},"f":{"0":1},"b":{},"_coverageSchema":"1a1c01bbd47fc00a2c39e90264f33305004495a9","hash":"c0c7538bd5a40d381ad58c9c3a890142e8d7add5"}
,"C:\\Desarrollo de App\\FrontendII\\Mascotapp\\src\\features\\citas\\hooks\\useCitas.js": {"path":"C:\\Desarrollo de App\\FrontendII\\Mascotapp\\src\\features\\citas\\hooks\\useCitas.js","statementMap":{"0":{"start":{"line":15,"column":19},"end":{"line":15,"column":32}},"1":{"start":{"line":16,"column":16},"end":{"line":16,"column":40}},"2":{"start":{"line":17,"column":18},"end":{"line":17,"column":49}},"3":{"start":{"line":18,"column":28},"end":{"line":18,"column":64}},"4":{"start":{"line":20,"column":21},"end":{"line":31,"column":3}},"5":{"start":{"line":21,"column":4},"end":{"line":21,"column":30}},"6":{"start":{"line":22,"column":4},"end":{"line":30,"column":5}},"7":{"start":{"line":23,"column":23},"end":{"line":23,"column":63}},"8":{"start":{"line":24,"column":19},"end":{"line":24,"column":40}},"9":{"start":{"line":25,"column":6},"end":{"line":25,"column":30}},"10":{"start":{"line":27,"column":6},"end":{"line":27,"column":51}},"11":{"start":{"line":29,"column":6},"end":{"line":29,"column":33}},"12":{"start":{"line":33,"column":2},"end":{"line":35,"column":25}},"13":{"start":{"line":34,"column":4},"end":{"line":34,"column":33}},"14":{"start":{"line":37,"column":23},"end":{"line":39,"column":3}},"15":{"start":{"line":38,"column":4},"end":{"line":38,"column":46}},"16":{"start":{"line":41,"column":2},"end":{"line":41,"column":60}},"17":{"start":{"line":46,"column":26},"end":{"line":46,"column":40}},"18":{"start":{"line":47,"column":32},"end":{"line":47,"column":47}},"19":{"start":{"line":48,"column":28},"end":{"line":48,"column":42}},"20":{"start":{"line":50,"column":2},"end":{"line":69,"column":10}},"21":{"start":{"line":51,"column":4},"end":{"line":54,"column":5}},"22":{"start":{"line":52,"column":6},"end":{"line":52,"column":19}},"23":{"start":{"line":53,"column":6},"end":{"line":53,"column":12}},"24":{"start":{"line":56,"column":25},"end":{"line":66,"column":5}},"25":{"start":{"line":57,"column":6},"end":{"line":57,"column":22}},"26":{"start":{"line":58,"column":6},"end":{"line":65,"column":7}},"27":{"start":{"line":59,"column":21},"end":{"line":59,"column":67}},"28":{"start":{"line":60,"column":8},"end":{"line":60,"column":26}},"29":{"start":{"line":62,"column":8},"end":{"line":62,"column":29}},"30":{"start":{"line":64,"column":8},"end":{"line":64,"column":25}},"31":{"start":{"line":68,"column":4},"end":{"line":68,"column":18}},"32":{"start":{"line":71,"column":2},"end":{"line":71,"column":33}}},"fnMap":{"0":{"name":"useCitas","decl":{"start":{"line":14,"column":16},"end":{"line":14,"column":24}},"loc":{"start":{"line":14,"column":27},"end":{"line":42,"column":1}},"line":14},"1":{"name":"(anonymous_1)","decl":{"start":{"line":20,"column":21},"end":{"line":20,"column":22}},"loc":{"start":{"line":20,"column":38},"end":{"line":31,"column":3}},"line":20},"2":{"name":"(anonymous_2)","decl":{"start":{"line":33,"column":12},"end":{"line":33,"column":13}},"loc":{"start":{"line":33,"column":18},"end":{"line":35,"column":3}},"line":33},"3":{"name":"(anonymous_3)","decl":{"start":{"line":37,"column":23},"end":{"line":37,"column":24}},"loc":{"start":{"line":37,"column":39},"end":{"line":39,"column":3}},"line":37},"4":{"name":"useCitaDetalle","decl":{"start":{"line":45,"column":16},"end":{"line":45,"column":30}},"loc":{"start":{"line":45,"column":35},"end":{"line":72,"column":1}},"line":45},"5":{"name":"(anonymous_5)","decl":{"start":{"line":50,"column":12},"end":{"line":50,"column":13}},"loc":{"start":{"line":50,"column":18},"end":{"line":69,"column":3}},"line":50},"6":{"name":"(anonymous_6)","decl":{"start":{"line":56,"column":25},"end":{"line":56,"column":26}},"loc":{"start":{"line":56,"column":37},"end":{"line":66,"column":5}},"line":56}},"branchMap":{"0":{"loc":{"start":{"line":51,"column":4},"end":{"line":54,"column":5}},"type":"if","locations":[{"start":{"line":51,"column":4},"end":{"line":54,"column":5}},{"start":{},"end":{}}],"line":51}},"s":{"0":12,"1":12,"2":12,"3":12,"4":12,"5":5,"6":5,"7":5,"8":2,"9":2,"10":0,"11":2,"12":12,"13":5,"14":12,"15":0,"16":12,"17":12,"18":12,"19":12,"20":12,"21":5,"22":5,"23":5,"24":0,"25":0,"26":0,"27":0,"28":0,"29":0,"30":0,"31":0,"32":12},"f":{"0":12,"1":5,"2":5,"3":0,"4":12,"5":5,"6":0},"b":{"0":[5,0]},"_coverageSchema":"1a1c01bbd47fc00a2c39e90264f33305004495a9","hash":"20a6f0f4ba678b85c0cb9df4b776c507233ca437"}
,"C:\\Desarrollo de App\\FrontendII\\Mascotapp\\src\\features\\citas\\pages\\CitasPage.jsx": {"path":"C:\\Desarrollo de App\\FrontendII\\Mascotapp\\src\\features\\citas\\pages\\CitasPage.jsx","statementMap":{"0":{"start":{"line":7,"column":62},"end":{"line":7,"column":72}},"1":{"start":{"line":8,"column":38},"end":{"line":8,"column":52}},"2":{"start":{"line":9,"column":57},"end":{"line":9,"column":83}},"3":{"start":{"line":11,"column":2},"end":{"line":188,"column":3}},"4":{"start":{"line":28,"column":27},"end":{"line":28,"column":55}},"5":{"start":{"line":53,"column":18},"end":{"line":101,"column":25}},"6":{"start":{"line":60,"column":35},"end":{"line":60,"column":57}},"7":{"start":{"line":93,"column":28},"end":{"line":93,"column":47}},"8":{"start":{"line":94,"column":28},"end":{"line":94,"column":50}}},"fnMap":{"0":{"name":"CitasPage","decl":{"start":{"line":6,"column":9},"end":{"line":6,"column":18}},"loc":{"start":{"line":6,"column":21},"end":{"line":189,"column":1}},"line":6},"1":{"name":"(anonymous_1)","decl":{"start":{"line":28,"column":20},"end":{"line":28,"column":21}},"loc":{"start":{"line":28,"column":27},"end":{"line":28,"column":55}},"line":28},"2":{"name":"(anonymous_2)","decl":{"start":{"line":52,"column":27},"end":{"line":52,"column":28}},"loc":{"start":{"line":53,"column":18},"end":{"line":101,"column":25}},"line":53},"3":{"name":"(anonymous_3)","decl":{"start":{"line":60,"column":29},"end":{"line":60,"column":30}},"loc":{"start":{"line":60,"column":35},"end":{"line":60,"column":57}},"line":60},"4":{"name":"(anonymous_4)","decl":{"start":{"line":92,"column":35},"end":{"line":92,"column":36}},"loc":{"start":{"line":92,"column":42},"end":{"line":95,"column":27}},"line":92}},"branchMap":{"0":{"loc":{"start":{"line":33,"column":7},"end":{"line":186,"column":7}},"type":"cond-expr","locations":[{"start":{"line":34,"column":8},"end":{"line":36,"column":14}},{"start":{"line":38,"column":8},"end":{"line":185,"column":14}}],"line":33},"1":{"loc":{"start":{"line":44,"column":13},"end":{"line":104,"column":13}},"type":"cond-expr","locations":[{"start":{"line":45,"column":14},"end":{"line":49,"column":21}},{"start":{"line":51,"column":14},"end":{"line":103,"column":20}}],"line":44},"2":{"loc":{"start":{"line":56,"column":22},"end":{"line":58,"column":43}},"type":"cond-expr","locations":[{"start":{"line":57,"column":26},"end":{"line":57,"column":50}},{"start":{"line":58,"column":26},"end":{"line":58,"column":43}}],"line":56},"3":{"loc":{"start":{"line":82,"column":28},"end":{"line":84,"column":63}},"type":"cond-expr","locations":[{"start":{"line":83,"column":32},"end":{"line":83,"column":61}},{"start":{"line":84,"column":32},"end":{"line":84,"column":63}}],"line":82},"4":{"loc":{"start":{"line":112,"column":13},"end":{"line":183,"column":13}},"type":"cond-expr","locations":[{"start":{"line":113,"column":14},"end":{"line":117,"column":21}},{"start":{"line":118,"column":16},"end":{"line":183,"column":13}}],"line":112},"5":{"loc":{"start":{"line":118,"column":16},"end":{"line":183,"column":13}},"type":"cond-expr","locations":[{"start":{"line":119,"column":14},"end":{"line":121,"column":21}},{"start":{"line":122,"column":16},"end":{"line":183,"column":13}}],"line":118},"6":{"loc":{"start":{"line":122,"column":16},"end":{"line":183,"column":13}},"type":"cond-expr","locations":[{"start":{"line":123,"column":14},"end":{"line":178,"column":21}},{"start":{"line":180,"column":14},"end":{"line":182,"column":21}}],"line":122},"7":{"loc":{"start":{"line":141,"column":24},"end":{"line":143,"column":59}},"type":"cond-expr","locations":[{"start":{"line":142,"column":28},"end":{"line":142,"column":57}},{"start":{"line":143,"column":28},"end":{"line":143,"column":59}}],"line":141},"8":{"loc":{"start":{"line":150,"column":19},"end":{"line":164,"column":19}},"type":"binary-expr","locations":[{"start":{"line":150,"column":19},"end":{"line":150,"column":38}},{"start":{"line":151,"column":20},"end":{"line":163,"column":26}}],"line":150},"9":{"loc":{"start":{"line":156,"column":23},"end":{"line":162,"column":23}},"type":"binary-expr","locations":[{"start":{"line":156,"column":23},"end":{"line":156,"column":50}},{"start":{"line":157,"column":24},"end":{"line":161,"column":28}}],"line":156},"10":{"loc":{"start":{"line":166,"column":19},"end":{"line":176,"column":19}},"type":"binary-expr","locations":[{"start":{"line":166,"column":19},"end":{"line":166,"column":42}},{"start":{"line":167,"column":20},"end":{"line":175,"column":26}}],"line":166}},"s":{"0":12,"1":12,"2":12,"3":12,"4":0,"5":1,"6":0,"7":0,"8":0},"f":{"0":12,"1":0,"2":1,"3":0,"4":0},"b":{"0":[5,7],"1":[6,1],"2":[0,1],"3":[1,0],"4":[7,0],"5":[0,0],"6":[0,0],"7":[0,0],"8":[0,0],"9":[0,0],"10":[0,0]},"_coverageSchema":"1a1c01bbd47fc00a2c39e90264f33305004495a9","hash":"4d387e551ace4c3780a5905afb0fb1c5a51f0c74"}
,"C:\\Desarrollo de App\\FrontendII\\Mascotapp\\src\\features\\clientes\\components\\ClienteList.jsx": {"path":"C:\\Desarrollo de App\\FrontendII\\Mascotapp\\src\\features\\clientes\\components\\ClienteList.jsx","statementMap":{"0":{"start":{"line":2,"column":2},"end":{"line":2,"column":31}}},"fnMap":{"0":{"name":"ClienteList","decl":{"start":{"line":1,"column":9},"end":{"line":1,"column":20}},"loc":{"start":{"line":1,"column":23},"end":{"line":3,"column":1}},"line":1}},"branchMap":{},"s":{"0":1},"f":{"0":1},"b":{},"_coverageSchema":"1a1c01bbd47fc00a2c39e90264f33305004495a9","hash":"c8ed505d54af9d5efe4817c0a51d979cf18a6284"}
,"C:\\Desarrollo de App\\FrontendII\\Mascotapp\\src\\features\\clientes\\hooks\\useClientes.js": {"path":"C:\\Desarrollo de App\\FrontendII\\Mascotapp\\src\\features\\clientes\\hooks\\useClientes.js","statementMap":{"0":{"start":{"line":13,"column":19},"end":{"line":13,"column":32}},"1":{"start":{"line":14,"column":19},"end":{"line":14,"column":46}},"2":{"start":{"line":15,"column":18},"end":{"line":15,"column":52}},"3":{"start":{"line":17,"column":2},"end":{"line":35,"column":33}},"4":{"start":{"line":18,"column":26},"end":{"line":30,"column":5}},"5":{"start":{"line":19,"column":6},"end":{"line":19,"column":32}},"6":{"start":{"line":20,"column":6},"end":{"line":29,"column":7}},"7":{"start":{"line":22,"column":25},"end":{"line":22,"column":53}},"8":{"start":{"line":23,"column":21},"end":{"line":23,"column":42}},"9":{"start":{"line":24,"column":8},"end":{"line":24,"column":35}},"10":{"start":{"line":26,"column":8},"end":{"line":26,"column":56}},"11":{"start":{"line":28,"column":8},"end":{"line":28,"column":35}},"12":{"start":{"line":32,"column":4},"end":{"line":34,"column":5}},"13":{"start":{"line":33,"column":6},"end":{"line":33,"column":21}},"14":{"start":{"line":37,"column":2},"end":{"line":37,"column":30}},"15":{"start":{"line":42,"column":32},"end":{"line":42,"column":46}},"16":{"start":{"line":43,"column":32},"end":{"line":43,"column":46}},"17":{"start":{"line":44,"column":28},"end":{"line":44,"column":42}},"18":{"start":{"line":46,"column":2},"end":{"line":63,"column":10}},"19":{"start":{"line":47,"column":25},"end":{"line":58,"column":5}},"20":{"start":{"line":48,"column":6},"end":{"line":48,"column":22}},"21":{"start":{"line":49,"column":6},"end":{"line":57,"column":7}},"22":{"start":{"line":51,"column":21},"end":{"line":51,"column":70}},"23":{"start":{"line":52,"column":8},"end":{"line":52,"column":32}},"24":{"start":{"line":54,"column":8},"end":{"line":54,"column":29}},"25":{"start":{"line":56,"column":8},"end":{"line":56,"column":25}},"26":{"start":{"line":60,"column":4},"end":{"line":62,"column":5}},"27":{"start":{"line":61,"column":6},"end":{"line":61,"column":20}},"28":{"start":{"line":65,"column":2},"end":{"line":65,"column":36}}},"fnMap":{"0":{"name":"useClientes","decl":{"start":{"line":12,"column":16},"end":{"line":12,"column":27}},"loc":{"start":{"line":12,"column":30},"end":{"line":38,"column":1}},"line":12},"1":{"name":"(anonymous_1)","decl":{"start":{"line":17,"column":12},"end":{"line":17,"column":13}},"loc":{"start":{"line":17,"column":18},"end":{"line":35,"column":3}},"line":17},"2":{"name":"(anonymous_2)","decl":{"start":{"line":18,"column":26},"end":{"line":18,"column":27}},"loc":{"start":{"line":18,"column":38},"end":{"line":30,"column":5}},"line":18},"3":{"name":"useClienteDetalle","decl":{"start":{"line":41,"column":16},"end":{"line":41,"column":33}},"loc":{"start":{"line":41,"column":38},"end":{"line":66,"column":1}},"line":41},"4":{"name":"(anonymous_4)","decl":{"start":{"line":46,"column":12},"end":{"line":46,"column":13}},"loc":{"start":{"line":46,"column":18},"end":{"line":63,"column":3}},"line":46},"5":{"name":"(anonymous_5)","decl":{"start":{"line":47,"column":25},"end":{"line":47,"column":26}},"loc":{"start":{"line":47,"column":37},"end":{"line":58,"column":5}},"line":47}},"branchMap":{"0":{"loc":{"start":{"line":32,"column":4},"end":{"line":34,"column":5}},"type":"if","locations":[{"start":{"line":32,"column":4},"end":{"line":34,"column":5}},{"start":{},"end":{}}],"line":32},"1":{"loc":{"start":{"line":60,"column":4},"end":{"line":62,"column":5}},"type":"if","locations":[{"start":{"line":60,"column":4},"end":{"line":62,"column":5}},{"start":{},"end":{}}],"line":60}},"s":{"0":11,"1":11,"2":11,"3":11,"4":7,"5":4,"6":4,"7":4,"8":3,"9":3,"10":0,"11":3,"12":7,"13":4,"14":11,"15":11,"16":11,"17":11,"18":11,"19":4,"20":0,"21":0,"22":0,"23":0,"24":0,"25":0,"26":4,"27":0,"28":11},"f":{"0":11,"1":7,"2":4,"3":11,"4":4,"5":0},"b":{"0":[4,3],"1":[0,4]},"_coverageSchema":"1a1c01bbd47fc00a2c39e90264f33305004495a9","hash":"062195463bb1be5d132aaf112073bc5203a90cfc"}
,"C:\\Desarrollo de App\\FrontendII\\Mascotapp\\src\\features\\clientes\\pages\\ClientesPage.jsx": {"path":"C:\\Desarrollo de App\\FrontendII\\Mascotapp\\src\\features\\clientes\\pages\\ClientesPage.jsx","statementMap":{"0":{"start":{"line":7,"column":32},"end":{"line":7,"column":45}},"1":{"start":{"line":8,"column":38},"end":{"line":8,"column":52}},"2":{"start":{"line":9,"column":63},"end":{"line":9,"column":92}},"3":{"start":{"line":11,"column":2},"end":{"line":17,"column":3}},"4":{"start":{"line":12,"column":4},"end":{"line":16,"column":5}},"5":{"start":{"line":19,"column":2},"end":{"line":111,"column":3}},"6":{"start":{"line":36,"column":14},"end":{"line":59,"column":21}},"7":{"start":{"line":43,"column":31},"end":{"line":43,"column":56}},"8":{"start":{"line":53,"column":20},"end":{"line":53,"column":39}},"9":{"start":{"line":54,"column":20},"end":{"line":54,"column":45}},"10":{"start":{"line":95,"column":22},"end":{"line":97,"column":27}}},"fnMap":{"0":{"name":"ClientesPage","decl":{"start":{"line":6,"column":9},"end":{"line":6,"column":21}},"loc":{"start":{"line":6,"column":24},"end":{"line":112,"column":1}},"line":6},"1":{"name":"(anonymous_1)","decl":{"start":{"line":35,"column":26},"end":{"line":35,"column":27}},"loc":{"start":{"line":36,"column":14},"end":{"line":59,"column":21}},"line":36},"2":{"name":"(anonymous_2)","decl":{"start":{"line":43,"column":25},"end":{"line":43,"column":26}},"loc":{"start":{"line":43,"column":31},"end":{"line":43,"column":56}},"line":43},"3":{"name":"(anonymous_3)","decl":{"start":{"line":52,"column":27},"end":{"line":52,"column":28}},"loc":{"start":{"line":52,"column":34},"end":{"line":55,"column":19}},"line":52},"4":{"name":"(anonymous_4)","decl":{"start":{"line":94,"column":49},"end":{"line":94,"column":50}},"loc":{"start":{"line":95,"column":22},"end":{"line":97,"column":27}},"line":95}},"branchMap":{"0":{"loc":{"start":{"line":11,"column":2},"end":{"line":17,"column":3}},"type":"if","locations":[{"start":{"line":11,"column":2},"end":{"line":17,"column":3}},{"start":{},"end":{}}],"line":11},"1":{"loc":{"start":{"line":39,"column":18},"end":{"line":41,"column":39}},"type":"cond-expr","locations":[{"start":{"line":40,"column":22},"end":{"line":40,"column":44}},{"start":{"line":41,"column":22},"end":{"line":41,"column":39}}],"line":39},"2":{"loc":{"start":{"line":69,"column":11},"end":{"line":107,"column":11}},"type":"cond-expr","locations":[{"start":{"line":70,"column":12},"end":{"line":74,"column":19}},{"start":{"line":75,"column":14},"end":{"line":107,"column":11}}],"line":69},"3":{"loc":{"start":{"line":75,"column":14},"end":{"line":107,"column":11}},"type":"cond-expr","locations":[{"start":{"line":76,"column":12},"end":{"line":78,"column":19}},{"start":{"line":79,"column":14},"end":{"line":107,"column":11}}],"line":75},"4":{"loc":{"start":{"line":79,"column":14},"end":{"line":107,"column":11}},"type":"cond-expr","locations":[{"start":{"line":80,"column":12},"end":{"line":102,"column":19}},{"start":{"line":104,"column":12},"end":{"line":106,"column":19}}],"line":79},"5":{"loc":{"start":{"line":90,"column":15},"end":{"line":101,"column":15}},"type":"binary-expr","locations":[{"start":{"line":90,"column":15},"end":{"line":90,"column":38}},{"start":{"line":90,"column":42},"end":{"line":90,"column":76}},{"start":{"line":91,"column":16},"end":{"line":100,"column":22}}],"line":90}},"s":{"0":11,"1":11,"2":11,"3":11,"4":4,"5":7,"6":4,"7":0,"8":0,"9":0,"10":0},"f":{"0":11,"1":4,"2":0,"3":0,"4":0},"b":{"0":[4,7],"1":[0,4],"2":[7,0],"3":[0,0],"4":[0,0],"5":[0,0,0]},"_coverageSchema":"1a1c01bbd47fc00a2c39e90264f33305004495a9","hash":"824db989e0ec3f1fa7af7378f8796123315bf520"}
,"C:\\Desarrollo de App\\FrontendII\\Mascotapp\\src\\features\\mascotas\\components\\MascotaList.jsx": {"path":"C:\\Desarrollo de App\\FrontendII\\Mascotapp\\src\\features\\mascotas\\components\\MascotaList.jsx","statementMap":{"0":{"start":{"line":2,"column":2},"end":{"line":2,"column":31}}},"fnMap":{"0":{"name":"MascotaList","decl":{"start":{"line":1,"column":9},"end":{"line":1,"column":20}},"loc":{"start":{"line":1,"column":23},"end":{"line":3,"column":1}},"line":1}},"branchMap":{},"s":{"0":1},"f":{"0":1},"b":{},"_coverageSchema":"1a1c01bbd47fc00a2c39e90264f33305004495a9","hash":"fc57982d012474c8c54a3a3c830a659174039f95"}
,"C:\\Desarrollo de App\\FrontendII\\Mascotapp\\src\\features\\mascotas\\hooks\\useMascotas.js": {"path":"C:\\Desarrollo de App\\FrontendII\\Mascotapp\\src\\features\\mascotas\\hooks\\useMascotas.js","statementMap":{"0":{"start":{"line":13,"column":19},"end":{"line":13,"column":32}},"1":{"start":{"line":14,"column":19},"end":{"line":14,"column":46}},"2":{"start":{"line":15,"column":18},"end":{"line":15,"column":52}},"3":{"start":{"line":17,"column":2},"end":{"line":34,"column":33}},"4":{"start":{"line":18,"column":26},"end":{"line":29,"column":5}},"5":{"start":{"line":19,"column":6},"end":{"line":19,"column":32}},"6":{"start":{"line":20,"column":6},"end":{"line":28,"column":7}},"7":{"start":{"line":21,"column":25},"end":{"line":21,"column":53}},"8":{"start":{"line":22,"column":21},"end":{"line":22,"column":42}},"9":{"start":{"line":23,"column":8},"end":{"line":23,"column":35}},"10":{"start":{"line":25,"column":8},"end":{"line":25,"column":56}},"11":{"start":{"line":27,"column":8},"end":{"line":27,"column":35}},"12":{"start":{"line":31,"column":4},"end":{"line":33,"column":5}},"13":{"start":{"line":32,"column":6},"end":{"line":32,"column":21}},"14":{"start":{"line":36,"column":2},"end":{"line":36,"column":30}},"15":{"start":{"line":41,"column":32},"end":{"line":41,"column":46}},"16":{"start":{"line":42,"column":32},"end":{"line":42,"column":47}},"17":{"start":{"line":43,"column":28},"end":{"line":43,"column":42}},"18":{"start":{"line":45,"column":2},"end":{"line":64,"column":10}},"19":{"start":{"line":46,"column":4},"end":{"line":49,"column":5}},"20":{"start":{"line":47,"column":6},"end":{"line":47,"column":22}},"21":{"start":{"line":48,"column":6},"end":{"line":48,"column":12}},"22":{"start":{"line":51,"column":25},"end":{"line":61,"column":5}},"23":{"start":{"line":52,"column":6},"end":{"line":52,"column":22}},"24":{"start":{"line":53,"column":6},"end":{"line":60,"column":7}},"25":{"start":{"line":54,"column":21},"end":{"line":54,"column":70}},"26":{"start":{"line":55,"column":8},"end":{"line":55,"column":32}},"27":{"start":{"line":57,"column":8},"end":{"line":57,"column":29}},"28":{"start":{"line":59,"column":8},"end":{"line":59,"column":25}},"29":{"start":{"line":63,"column":4},"end":{"line":63,"column":18}},"30":{"start":{"line":66,"column":2},"end":{"line":66,"column":36}}},"fnMap":{"0":{"name":"useMascotas","decl":{"start":{"line":12,"column":16},"end":{"line":12,"column":27}},"loc":{"start":{"line":12,"column":30},"end":{"line":37,"column":1}},"line":12},"1":{"name":"(anonymous_1)","decl":{"start":{"line":17,"column":12},"end":{"line":17,"column":13}},"loc":{"start":{"line":17,"column":18},"end":{"line":34,"column":3}},"line":17},"2":{"name":"(anonymous_2)","decl":{"start":{"line":18,"column":26},"end":{"line":18,"column":27}},"loc":{"start":{"line":18,"column":38},"end":{"line":29,"column":5}},"line":18},"3":{"name":"useMascotaDetalle","decl":{"start":{"line":40,"column":16},"end":{"line":40,"column":33}},"loc":{"start":{"line":40,"column":38},"end":{"line":67,"column":1}},"line":40},"4":{"name":"(anonymous_4)","decl":{"start":{"line":45,"column":12},"end":{"line":45,"column":13}},"loc":{"start":{"line":45,"column":18},"end":{"line":64,"column":3}},"line":45},"5":{"name":"(anonymous_5)","decl":{"start":{"line":51,"column":25},"end":{"line":51,"column":26}},"loc":{"start":{"line":51,"column":37},"end":{"line":61,"column":5}},"line":51}},"branchMap":{"0":{"loc":{"start":{"line":31,"column":4},"end":{"line":33,"column":5}},"type":"if","locations":[{"start":{"line":31,"column":4},"end":{"line":33,"column":5}},{"start":{},"end":{}}],"line":31},"1":{"loc":{"start":{"line":46,"column":4},"end":{"line":49,"column":5}},"type":"if","locations":[{"start":{"line":46,"column":4},"end":{"line":49,"column":5}},{"start":{},"end":{}}],"line":46}},"s":{"0":11,"1":11,"2":11,"3":11,"4":7,"5":4,"6":4,"7":4,"8":3,"9":3,"10":0,"11":3,"12":7,"13":4,"14":11,"15":11,"16":11,"17":11,"18":11,"19":4,"20":4,"21":4,"22":0,"23":0,"24":0,"25":0,"26":0,"27":0,"28":0,"29":0,"30":11},"f":{"0":11,"1":7,"2":4,"3":11,"4":4,"5":0},"b":{"0":[4,3],"1":[4,0]},"_coverageSchema":"1a1c01bbd47fc00a2c39e90264f33305004495a9","hash":"a68bad66f8625f487f72ab0371b3e18edf76d321"}
,"C:\\Desarrollo de App\\FrontendII\\Mascotapp\\src\\features\\mascotas\\pages\\MascotasPage.jsx": {"path":"C:\\Desarrollo de App\\FrontendII\\Mascotapp\\src\\features\\mascotas\\pages\\MascotasPage.jsx","statementMap":{"0":{"start":{"line":7,"column":32},"end":{"line":7,"column":45}},"1":{"start":{"line":8,"column":38},"end":{"line":8,"column":52}},"2":{"start":{"line":9,"column":63},"end":{"line":9,"column":92}},"3":{"start":{"line":11,"column":2},"end":{"line":17,"column":3}},"4":{"start":{"line":12,"column":4},"end":{"line":16,"column":5}},"5":{"start":{"line":19,"column":2},"end":{"line":124,"column":3}},"6":{"start":{"line":36,"column":14},"end":{"line":68,"column":21}},"7":{"start":{"line":43,"column":31},"end":{"line":43,"column":56}},"8":{"start":{"line":62,"column":20},"end":{"line":62,"column":39}},"9":{"start":{"line":63,"column":20},"end":{"line":63,"column":45}}},"fnMap":{"0":{"name":"MascotasPage","decl":{"start":{"line":6,"column":9},"end":{"line":6,"column":21}},"loc":{"start":{"line":6,"column":24},"end":{"line":125,"column":1}},"line":6},"1":{"name":"(anonymous_1)","decl":{"start":{"line":35,"column":26},"end":{"line":35,"column":27}},"loc":{"start":{"line":36,"column":14},"end":{"line":68,"column":21}},"line":36},"2":{"name":"(anonymous_2)","decl":{"start":{"line":43,"column":25},"end":{"line":43,"column":26}},"loc":{"start":{"line":43,"column":31},"end":{"line":43,"column":56}},"line":43},"3":{"name":"(anonymous_3)","decl":{"start":{"line":61,"column":27},"end":{"line":61,"column":28}},"loc":{"start":{"line":61,"column":34},"end":{"line":64,"column":19}},"line":61}},"branchMap":{"0":{"loc":{"start":{"line":11,"column":2},"end":{"line":17,"column":3}},"type":"if","locations":[{"start":{"line":11,"column":2},"end":{"line":17,"column":3}},{"start":{},"end":{}}],"line":11},"1":{"loc":{"start":{"line":39,"column":18},"end":{"line":41,"column":39}},"type":"cond-expr","locations":[{"start":{"line":40,"column":22},"end":{"line":40,"column":45}},{"start":{"line":41,"column":22},"end":{"line":41,"column":39}}],"line":39},"2":{"loc":{"start":{"line":48,"column":23},"end":{"line":48,"column":64}},"type":"cond-expr","locations":[{"start":{"line":48,"column":53},"end":{"line":48,"column":57}},{"start":{"line":48,"column":60},"end":{"line":48,"column":64}}],"line":48},"3":{"loc":{"start":{"line":78,"column":11},"end":{"line":120,"column":11}},"type":"cond-expr","locations":[{"start":{"line":79,"column":12},"end":{"line":83,"column":19}},{"start":{"line":84,"column":14},"end":{"line":120,"column":11}}],"line":78},"4":{"loc":{"start":{"line":84,"column":14},"end":{"line":120,"column":11}},"type":"cond-expr","locations":[{"start":{"line":85,"column":12},"end":{"line":87,"column":19}},{"start":{"line":88,"column":14},"end":{"line":120,"column":11}}],"line":84},"5":{"loc":{"start":{"line":88,"column":14},"end":{"line":120,"column":11}},"type":"cond-expr","locations":[{"start":{"line":89,"column":12},"end":{"line":115,"column":19}},{"start":{"line":117,"column":12},"end":{"line":119,"column":19}}],"line":88},"6":{"loc":{"start":{"line":91,"column":17},"end":{"line":91,"column":65}},"type":"cond-expr","locations":[{"start":{"line":91,"column":54},"end":{"line":91,"column":58}},{"start":{"line":91,"column":61},"end":{"line":91,"column":65}}],"line":91},"7":{"loc":{"start":{"line":105,"column":15},"end":{"line":114,"column":15}},"type":"binary-expr","locations":[{"start":{"line":105,"column":15},"end":{"line":105,"column":37}},{"start":{"line":106,"column":16},"end":{"line":113,"column":22}}],"line":105}},"s":{"0":11,"1":11,"2":11,"3":11,"4":4,"5":7,"6":3,"7":0,"8":0,"9":0},"f":{"0":11,"1":3,"2":0,"3":0},"b":{"0":[4,7],"1":[0,3],"2":[2,1],"3":[7,0],"4":[0,0],"5":[0,0],"6":[0,0],"7":[0,0]},"_coverageSchema":"1a1c01bbd47fc00a2c39e90264f33305004495a9","hash":"14eb913f15fb83987a288b46efcd71ed8cd6d0fa"}
,"C:\\Desarrollo de App\\FrontendII\\Mascotapp\\src\\layouts\\MainLayout.jsx": {"path":"C:\\Desarrollo de App\\FrontendII\\Mascotapp\\src\\layouts\\MainLayout.jsx","statementMap":{"0":{"start":{"line":4,"column":2},"end":{"line":33,"column":3}}},"fnMap":{"0":{"name":"MainLayout","decl":{"start":{"line":3,"column":9},"end":{"line":3,"column":19}},"loc":{"start":{"line":3,"column":22},"end":{"line":34,"column":1}},"line":3}},"branchMap":{},"s":{"0":6},"f":{"0":6},"b":{},"_coverageSchema":"1a1c01bbd47fc00a2c39e90264f33305004495a9","hash":"f30325caee683eaa515406660b34ea93baa41c4a"}
,"C:\\Desarrollo de App\\FrontendII\\Mascotapp\\src\\pages\\HomePage.jsx": {"path":"C:\\Desarrollo de App\\FrontendII\\Mascotapp\\src\\pages\\HomePage.jsx","statementMap":{"0":{"start":{"line":5,"column":2},"end":{"line":35,"column":3}}},"fnMap":{"0":{"name":"HomePage","decl":{"start":{"line":4,"column":9},"end":{"line":4,"column":17}},"loc":{"start":{"line":4,"column":20},"end":{"line":36,"column":1}},"line":4}},"branchMap":{},"s":{"0":6},"f":{"0":6},"b":{},"_coverageSchema":"1a1c01bbd47fc00a2c39e90264f33305004495a9","hash":"22e1b77a2ef2a6509b3a641a1e24646d06a5fbce"}
,"C:\\Desarrollo de App\\FrontendII\\Mascotapp\\src\\store\\index.js": {"path":"C:\\Desarrollo de App\\FrontendII\\Mascotapp\\src\\store\\index.js","statementMap":{"0":{"start":{"line":6,"column":21},"end":{"line":12,"column":2}}},"fnMap":{},"branchMap":{},"s":{"0":0},"f":{},"b":{}}
,"C:\\Desarrollo de App\\FrontendII\\Mascotapp\\src\\store\\slices\\citasSlice.js": {"path":"C:\\Desarrollo de App\\FrontendII\\Mascotapp\\src\\store\\slices\\citasSlice.js","statementMap":{"0":{"start":{"line":3,"column":21},"end":{"line":8,"column":1}},"1":{"start":{"line":10,"column":19},"end":{"line":27,"column":2}},"2":{"start":{"line":15,"column":6},"end":{"line":15,"column":34}},"3":{"start":{"line":18,"column":6},"end":{"line":18,"column":36}},"4":{"start":{"line":21,"column":6},"end":{"line":21,"column":34}},"5":{"start":{"line":24,"column":6},"end":{"line":24,"column":46}},"6":{"start":{"line":29,"column":72},"end":{"line":29,"column":90}},"7":{"start":{"line":31,"column":27},"end":{"line":31,"column":55}},"8":{"start":{"line":31,"column":38},"end":{"line":31,"column":55}},"9":{"start":{"line":32,"column":34},"end":{"line":32,"column":64}},"10":{"start":{"line":32,"column":45},"end":{"line":32,"column":64}},"11":{"start":{"line":33,"column":39},"end":{"line":33,"column":79}},"12":{"start":{"line":33,"column":50},"end":{"line":33,"column":79}}},"fnMap":{"0":{"name":"(anonymous_0)","decl":{"start":{"line":14,"column":14},"end":{"line":14,"column":15}},"loc":{"start":{"line":14,"column":33},"end":{"line":16,"column":5}},"line":14},"1":{"name":"(anonymous_1)","decl":{"start":{"line":17,"column":16},"end":{"line":17,"column":17}},"loc":{"start":{"line":17,"column":35},"end":{"line":19,"column":5}},"line":17},"2":{"name":"(anonymous_2)","decl":{"start":{"line":20,"column":14},"end":{"line":20,"column":15}},"loc":{"start":{"line":20,"column":33},"end":{"line":22,"column":5}},"line":20},"3":{"name":"(anonymous_3)","decl":{"start":{"line":23,"column":26},"end":{"line":23,"column":27}},"loc":{"start":{"line":23,"column":45},"end":{"line":25,"column":5}},"line":23},"4":{"name":"(anonymous_4)","decl":{"start":{"line":31,"column":27},"end":{"line":31,"column":28}},"loc":{"start":{"line":31,"column":38},"end":{"line":31,"column":55}},"line":31},"5":{"name":"(anonymous_5)","decl":{"start":{"line":32,"column":34},"end":{"line":32,"column":35}},"loc":{"start":{"line":32,"column":45},"end":{"line":32,"column":64}},"line":32},"6":{"name":"(anonymous_6)","decl":{"start":{"line":33,"column":39},"end":{"line":33,"column":40}},"loc":{"start":{"line":33,"column":50},"end":{"line":33,"column":79}},"line":33}},"branchMap":{},"s":{"0":5,"1":5,"2":3,"3":8,"4":0,"5":1,"6":5,"7":5,"8":20,"9":5,"10":20,"11":5,"12":20},"f":{"0":3,"1":8,"2":0,"3":1,"4":20,"5":20,"6":20},"b":{},"_coverageSchema":"1a1c01bbd47fc00a2c39e90264f33305004495a9","hash":"1024f330844a650e5a0dc23e29bc7623b3c82f00"}
,"C:\\Desarrollo de App\\FrontendII\\Mascotapp\\src\\store\\slices\\clientesSlice.js": {"path":"C:\\Desarrollo de App\\FrontendII\\Mascotapp\\src\\store\\slices\\clientesSlice.js","statementMap":{"0":{"start":{"line":3,"column":21},"end":{"line":7,"column":1}},"1":{"start":{"line":9,"column":22},"end":{"line":23,"column":2}},"2":{"start":{"line":14,"column":6},"end":{"line":14,"column":34}},"3":{"start":{"line":17,"column":6},"end":{"line":17,"column":36}},"4":{"start":{"line":20,"column":6},"end":{"line":20,"column":34}},"5":{"start":{"line":26,"column":53},"end":{"line":26,"column":74}},"6":{"start":{"line":29,"column":30},"end":{"line":29,"column":61}},"7":{"start":{"line":29,"column":41},"end":{"line":29,"column":61}},"8":{"start":{"line":30,"column":37},"end":{"line":30,"column":70}},"9":{"start":{"line":30,"column":48},"end":{"line":30,"column":70}}},"fnMap":{"0":{"name":"(anonymous_0)","decl":{"start":{"line":13,"column":17},"end":{"line":13,"column":18}},"loc":{"start":{"line":13,"column":36},"end":{"line":15,"column":5}},"line":13},"1":{"name":"(anonymous_1)","decl":{"start":{"line":16,"column":16},"end":{"line":16,"column":17}},"loc":{"start":{"line":16,"column":35},"end":{"line":18,"column":5}},"line":16},"2":{"name":"(anonymous_2)","decl":{"start":{"line":19,"column":14},"end":{"line":19,"column":15}},"loc":{"start":{"line":19,"column":33},"end":{"line":21,"column":5}},"line":19},"3":{"name":"(anonymous_3)","decl":{"start":{"line":29,"column":30},"end":{"line":29,"column":31}},"loc":{"start":{"line":29,"column":41},"end":{"line":29,"column":61}},"line":29},"4":{"name":"(anonymous_4)","decl":{"start":{"line":30,"column":37},"end":{"line":30,"column":38}},"loc":{"start":{"line":30,"column":48},"end":{"line":30,"column":70}},"line":30}},"branchMap":{},"s":{"0":5,"1":5,"2":4,"3":8,"4":1,"5":5,"6":5,"7":19,"8":5,"9":19},"f":{"0":4,"1":8,"2":1,"3":19,"4":19},"b":{},"_coverageSchema":"1a1c01bbd47fc00a2c39e90264f33305004495a9","hash":"35c8ffbb69a8c74786be8ac8a9f5a8a93584ebe2"}
,"C:\\Desarrollo de App\\FrontendII\\Mascotapp\\src\\store\\slices\\mascotasSlice.js": {"path":"C:\\Desarrollo de App\\FrontendII\\Mascotapp\\src\\store\\slices\\mascotasSlice.js","statementMap":{"0":{"start":{"line":3,"column":21},"end":{"line":7,"column":1}},"1":{"start":{"line":9,"column":22},"end":{"line":23,"column":2}},"2":{"start":{"line":14,"column":6},"end":{"line":14,"column":34}},"3":{"start":{"line":17,"column":6},"end":{"line":17,"column":36}},"4":{"start":{"line":20,"column":6},"end":{"line":20,"column":34}},"5":{"start":{"line":25,"column":53},"end":{"line":25,"column":74}},"6":{"start":{"line":27,"column":30},"end":{"line":27,"column":61}},"7":{"start":{"line":27,"column":41},"end":{"line":27,"column":61}},"8":{"start":{"line":28,"column":37},"end":{"line":28,"column":70}},"9":{"start":{"line":28,"column":48},"end":{"line":28,"column":70}}},"fnMap":{"0":{"name":"(anonymous_0)","decl":{"start":{"line":13,"column":17},"end":{"line":13,"column":18}},"loc":{"start":{"line":13,"column":36},"end":{"line":15,"column":5}},"line":13},"1":{"name":"(anonymous_1)","decl":{"start":{"line":16,"column":16},"end":{"line":16,"column":17}},"loc":{"start":{"line":16,"column":35},"end":{"line":18,"column":5}},"line":16},"2":{"name":"(anonymous_2)","decl":{"start":{"line":19,"column":14},"end":{"line":19,"column":15}},"loc":{"start":{"line":19,"column":33},"end":{"line":21,"column":5}},"line":19},"3":{"name":"(anonymous_3)","decl":{"start":{"line":27,"column":30},"end":{"line":27,"column":31}},"loc":{"start":{"line":27,"column":41},"end":{"line":27,"column":61}},"line":27},"4":{"name":"(anonymous_4)","decl":{"start":{"line":28,"column":37},"end":{"line":28,"column":38}},"loc":{"start":{"line":28,"column":48},"end":{"line":28,"column":70}},"line":28}},"branchMap":{},"s":{"0":5,"1":5,"2":4,"3":8,"4":1,"5":5,"6":5,"7":19,"8":5,"9":19},"f":{"0":4,"1":8,"2":1,"3":19,"4":19},"b":{},"_coverageSchema":"1a1c01bbd47fc00a2c39e90264f33305004495a9","hash":"622959d2f38a477c4d238b262761bd7830fb4a32"}
}
