TN:
SF:src\App.jsx
FN:8,App
FNF:1
FNH:1
FNDA:2,App
DA:9,2
LF:1
LH:1
BRF:0
BRH:0
end_of_record
TN:
SF:src\test-utils.jsx
FN:9,createTestStore
FN:20,renderWithProviders
FN:29,Wrapper
FNF:3
FNH:3
FNDA:14,createTestStore
FNDA:12,renderWithProviders
FNDA:12,Wrapper
DA:10,14
DA:30,12
DA:37,12
LF:3
LH:3
BRDA:9,0,0,2
BRDA:22,1,0,12
BRDA:23,2,0,12
BRDA:24,3,0,12
BRDA:25,4,0,12
BRF:5
BRH:5
end_of_record
TN:
SF:src\components\ui\Button.jsx
FN:7,Button
FNF:1
FNH:1
FNDA:14,Button
DA:1,5
DA:8,14
DA:10,14
LF:3
LH:3
BRDA:7,0,0,4
BRDA:7,1,0,5
BRF:2
BRH:2
end_of_record
TN:
SF:src\components\ui\Card.jsx
FN:1,Card
FNF:1
FNH:1
FNDA:55,Card
DA:2,55
LF:1
LH:1
BRDA:1,0,0,3
BRF:1
BRH:1
end_of_record
TN:
SF:src\features\citas\components\CitaList.jsx
FN:1,CitaList
FNF:1
FNH:1
FNDA:1,CitaList
DA:2,1
LF:1
LH:1
BRF:0
BRH:0
end_of_record
TN:
SF:src\features\citas\hooks\useCitas.js
FN:14,useCitas
FN:20,(anonymous_1)
FN:33,(anonymous_2)
FN:37,(anonymous_3)
FN:45,useCitaDetalle
FN:50,(anonymous_5)
FN:56,(anonymous_6)
FNF:7
FNH:5
FNDA:10,useCitas
FNDA:4,(anonymous_1)
FNDA:4,(anonymous_2)
FNDA:0,(anonymous_3)
FNDA:10,useCitaDetalle
FNDA:4,(anonymous_5)
FNDA:0,(anonymous_6)
DA:15,10
DA:16,10
DA:17,10
DA:18,10
DA:20,10
DA:21,4
DA:22,4
DA:23,4
DA:24,2
DA:25,2
DA:27,0
DA:29,2
DA:33,10
DA:34,4
DA:37,10
DA:38,0
DA:41,10
DA:46,10
DA:47,10
DA:48,10
DA:50,10
DA:51,4
DA:52,4
DA:53,4
DA:56,0
DA:57,0
DA:58,0
DA:59,0
DA:60,0
DA:62,0
DA:64,0
DA:68,0
DA:71,10
LF:33
LH:23
BRDA:51,0,0,4
BRDA:51,0,1,0
BRF:2
BRH:1
end_of_record
TN:
SF:src\features\citas\pages\CitasPage.jsx
FN:6,CitasPage
FN:29,(anonymous_1)
FN:68,(anonymous_2)
FN:76,(anonymous_3)
FN:118,(anonymous_4)
FNF:5
FNH:2
FNDA:10,CitasPage
FNDA:0,(anonymous_1)
FNDA:1,(anonymous_2)
FNDA:0,(anonymous_3)
FNDA:0,(anonymous_4)
DA:7,10
DA:8,10
DA:9,10
DA:11,10
DA:29,0
DA:69,1
DA:76,0
DA:119,0
DA:120,0
LF:9
LH:5
BRDA:34,0,0,4
BRDA:34,0,1,6
BRDA:55,1,0,5
BRDA:55,1,1,1
BRDA:72,2,0,0
BRDA:72,2,1,1
BRDA:108,3,0,1
BRDA:108,3,1,0
BRDA:143,4,0,6
BRDA:143,4,1,0
BRDA:154,5,0,0
BRDA:154,5,1,0
BRDA:160,6,0,0
BRDA:160,6,1,0
BRDA:198,7,0,0
BRDA:198,7,1,0
BRDA:207,8,0,0
BRDA:207,8,1,0
BRDA:219,9,0,0
BRDA:219,9,1,0
BRDA:237,10,0,0
BRDA:237,10,1,0
BRF:22
BRH:7
end_of_record
TN:
SF:src\features\clientes\components\ClienteList.jsx
FN:1,ClienteList
FNF:1
FNH:1
FNDA:1,ClienteList
DA:2,1
LF:1
LH:1
BRF:0
BRH:0
end_of_record
TN:
SF:src\features\clientes\hooks\useClientes.js
FN:12,useClientes
FN:17,(anonymous_1)
FN:18,(anonymous_2)
FN:41,useClienteDetalle
FN:46,(anonymous_4)
FN:47,(anonymous_5)
FNF:6
FNH:5
FNDA:11,useClientes
FNDA:7,(anonymous_1)
FNDA:4,(anonymous_2)
FNDA:11,useClienteDetalle
FNDA:4,(anonymous_4)
FNDA:0,(anonymous_5)
DA:13,11
DA:14,11
DA:15,11
DA:17,11
DA:18,7
DA:19,4
DA:20,4
DA:22,4
DA:23,3
DA:24,3
DA:26,0
DA:28,3
DA:32,7
DA:33,4
DA:37,11
DA:42,11
DA:43,11
DA:44,11
DA:46,11
DA:47,4
DA:48,0
DA:49,0
DA:51,0
DA:52,0
DA:54,0
DA:56,0
DA:60,4
DA:61,0
DA:65,11
LF:29
LH:21
BRDA:32,0,0,4
BRDA:32,0,1,3
BRDA:60,1,0,0
BRDA:60,1,1,4
BRF:4
BRH:3
end_of_record
TN:
SF:src\features\clientes\pages\ClientesPage.jsx
FN:6,ClientesPage
FN:38,(anonymous_1)
FN:46,(anonymous_2)
FN:69,(anonymous_3)
FN:154,(anonymous_4)
FNF:5
FNH:2
FNDA:11,ClientesPage
FNDA:4,(anonymous_1)
FNDA:0,(anonymous_2)
FNDA:0,(anonymous_3)
FNDA:0,(anonymous_4)
DA:7,11
DA:8,11
DA:9,11
DA:11,11
DA:12,4
DA:19,7
DA:39,4
DA:46,0
DA:70,0
DA:71,0
DA:155,0
LF:11
LH:7
BRDA:11,0,0,4
BRDA:11,0,1,7
BRDA:42,1,0,0
BRDA:42,1,1,4
BRDA:91,2,0,7
BRDA:91,2,1,0
BRDA:102,3,0,0
BRDA:102,3,1,0
BRDA:108,4,0,0
BRDA:108,4,1,0
BRDA:145,5,0,0
BRDA:145,5,1,0
BRDA:145,5,2,0
BRF:13
BRH:4
end_of_record
TN:
SF:src\features\mascotas\components\MascotaList.jsx
FN:1,MascotaList
FNF:1
FNH:1
FNDA:1,MascotaList
DA:2,1
LF:1
LH:1
BRF:0
BRH:0
end_of_record
TN:
SF:src\features\mascotas\hooks\useMascotas.js
FN:12,useMascotas
FN:17,(anonymous_1)
FN:18,(anonymous_2)
FN:40,useMascotaDetalle
FN:45,(anonymous_4)
FN:51,(anonymous_5)
FNF:6
FNH:5
FNDA:11,useMascotas
FNDA:7,(anonymous_1)
FNDA:4,(anonymous_2)
FNDA:11,useMascotaDetalle
FNDA:4,(anonymous_4)
FNDA:0,(anonymous_5)
DA:13,11
DA:14,11
DA:15,11
DA:17,11
DA:18,7
DA:19,4
DA:20,4
DA:21,4
DA:22,3
DA:23,3
DA:25,0
DA:27,3
DA:31,7
DA:32,4
DA:36,11
DA:41,11
DA:42,11
DA:43,11
DA:45,11
DA:46,4
DA:47,4
DA:48,4
DA:51,0
DA:52,0
DA:53,0
DA:54,0
DA:55,0
DA:57,0
DA:59,0
DA:63,0
DA:66,11
LF:31
LH:22
BRDA:31,0,0,4
BRDA:31,0,1,3
BRDA:46,1,0,4
BRDA:46,1,1,0
BRF:4
BRH:3
end_of_record
TN:
SF:src\features\mascotas\pages\MascotasPage.jsx
FN:6,MascotasPage
FN:38,(anonymous_1)
FN:46,(anonymous_2)
FN:72,(anonymous_3)
FNF:4
FNH:2
FNDA:11,MascotasPage
FNDA:3,(anonymous_1)
FNDA:0,(anonymous_2)
FNDA:0,(anonymous_3)
DA:7,11
DA:8,11
DA:9,11
DA:11,11
DA:12,4
DA:19,7
DA:39,3
DA:46,0
DA:73,0
DA:74,0
LF:10
LH:7
BRDA:11,0,0,4
BRDA:11,0,1,7
BRDA:42,1,0,0
BRDA:42,1,1,3
BRDA:94,2,0,7
BRDA:94,2,1,0
BRDA:105,3,0,0
BRDA:105,3,1,0
BRDA:111,4,0,0
BRDA:111,4,1,0
BRDA:156,5,0,0
BRDA:156,5,1,0
BRF:12
BRH:4
end_of_record
TN:
SF:src\layouts\MainLayout.jsx
FN:3,MainLayout
FNF:1
FNH:1
FNDA:6,MainLayout
DA:4,6
LF:1
LH:1
BRF:0
BRH:0
end_of_record
TN:
SF:src\pages\HomePage.jsx
FN:4,HomePage
FNF:1
FNH:1
FNDA:6,HomePage
DA:5,6
LF:1
LH:1
BRF:0
BRH:0
end_of_record
TN:
SF:src\store\index.js
FNF:0
FNH:0
DA:6,0
LF:1
LH:0
BRF:0
BRH:0
end_of_record
TN:
SF:src\store\slices\citasSlice.js
FN:14,(anonymous_0)
FN:17,(anonymous_1)
FN:20,(anonymous_2)
FN:23,(anonymous_3)
FN:31,(anonymous_4)
FN:32,(anonymous_5)
FN:33,(anonymous_6)
FNF:7
FNH:6
FNDA:3,(anonymous_0)
FNDA:7,(anonymous_1)
FNDA:0,(anonymous_2)
FNDA:1,(anonymous_3)
FNDA:17,(anonymous_4)
FNDA:17,(anonymous_5)
FNDA:17,(anonymous_6)
DA:3,5
DA:10,5
DA:15,3
DA:18,7
DA:21,0
DA:24,1
DA:29,5
DA:31,17
DA:32,17
DA:33,17
LF:10
LH:9
BRF:0
BRH:0
end_of_record
TN:
SF:src\store\slices\clientesSlice.js
FN:13,(anonymous_0)
FN:16,(anonymous_1)
FN:19,(anonymous_2)
FN:29,(anonymous_3)
FN:30,(anonymous_4)
FNF:5
FNH:5
FNDA:4,(anonymous_0)
FNDA:8,(anonymous_1)
FNDA:1,(anonymous_2)
FNDA:19,(anonymous_3)
FNDA:19,(anonymous_4)
DA:3,5
DA:9,5
DA:14,4
DA:17,8
DA:20,1
DA:26,5
DA:29,19
DA:30,19
LF:8
LH:8
BRF:0
BRH:0
end_of_record
TN:
SF:src\store\slices\mascotasSlice.js
FN:13,(anonymous_0)
FN:16,(anonymous_1)
FN:19,(anonymous_2)
FN:27,(anonymous_3)
FN:28,(anonymous_4)
FNF:5
FNH:5
FNDA:4,(anonymous_0)
FNDA:8,(anonymous_1)
FNDA:1,(anonymous_2)
FNDA:19,(anonymous_3)
FNDA:19,(anonymous_4)
DA:3,5
DA:9,5
DA:14,4
DA:17,8
DA:20,1
DA:25,5
DA:27,19
DA:28,19
LF:8
LH:8
BRF:0
BRH:0
end_of_record
